#
# A fatal error has been detected by the Java Runtime Environment:
#
#  SIGSEGV (0xb) at pc=0x00007feffb5d1aeb, pid=11901, tid=140668508739328
#
# JRE version: 6.0_27-b27
# Java VM: OpenJDK 64-Bit Server VM (20.0-b12 mixed mode linux-amd64 compressed oops)
# Derivative: IcedTea6 1.12.3
# Distribution: Ubuntu 12.04 LTS, package 6b27-1.12.3-0ubuntu1~12.04.1
# Problematic frame:
# V  [libjvm.so+0x76baeb]  UNICODE::utf8_length(unsigned short*, int)+0x1b
#
# If you would like to submit a bug report, please include
# instructions how to reproduce the bug and visit:
#   https://bugs.launchpad.net/ubuntu/+source/openjdk-6/
#

---------------  T H R E A D  ---------------

Current thread (0x00007feff40a2000):  JavaThread "JDWP Transport Listener: dt_socket" daemon [_thread_in_vm, id=11917, stack(0x00007feff06e9000,0x00007feff07ea000)]

siginfo:si_signo=SIGSEGV: si_errno=0, si_code=1 (SEGV_MAPERR), si_addr=0x0000000000000010

Registers:
RAX=0x0000000000000000, RBX=0x00007fefbc005028, RCX=0x0000000000000014, RDX=0x0000000000000000
RSP=0x00007feff07e8860, RBP=0x00007feff07e8860, RSI=0x0000000000000004, RDI=0x0000000000000010
R8 =0x0000000000000000, R9 =0x0101010101010101, R10=0x0000000000000020, R11=0x00007feffbcd1d3a
R12=0x00000007d710c390, R13=0x00007feffa00ce80, R14=0x0000000000000000, R15=0x0000000000000001
RIP=0x00007feffb5d1aeb, EFLAGS=0x0000000000010246, CSGSFS=0x0000000000000033, ERR=0x0000000000000004
  TRAPNO=0x000000000000000e

Top of Stack: (sp=0x00007feff07e8860)
0x00007feff07e8860:   00007feff07e88e0 00007feffb324d7a
0x00007feff07e8870:   00007feff40a2000 0000000000000000
0x00007feff07e8880:   00007feff40a21d0 00007feffa00ce80
0x00007feff07e8890:   00007feff40a2000 00007feff9df8fa2
0x00007feff07e88a0:   00007feff40a2000 00007feff40a2000
0x00007feff07e88b0:   00007feff07e88e0 00007feff40a21d0
0x00007feff07e88c0:   00007fefbc005028 00007feffa00ce80
0x00007feff07e88d0:   00007feff07e89a0 0000000000000001
0x00007feff07e88e0:   00007feff07e8920 00007feff9ddaed2
0x00007feff07e88f0:   0000000000000001 000000000000000a
0x00007feff07e8900:   0000000000000001 0000000000000000
0x00007feff07e8910:   000000000000000a 0000000000000001
0x00007feff07e8920:   00007feff07e8b60 00007feff9de3630
0x00007feff07e8930:   000005e800000013 00007fefbc010a00
0x00007feff07e8940:   00007fefb4000f80 00007feffb3cec24
0x00007feff07e8950:   00007fefb4000f88 000000000000000b
0x00007feff07e8960:   000005e800000013 00007fefbc010a00
0x00007feff07e8970:   00007fefb4000f80 00007fefbc003b80
0x00007feff07e8980:   000005e800000013 00007fefbc010a00
0x00007feff07e8990:   00007fefb4000f80 00007feffc419e18
0x00007feff07e89a0:   00007feff07e89f0 00007fef0000012c
0x00007feff07e89b0:   00007feff07e89b8 0000000000000000
0x00007feff07e89c0:   00007feff07e89f0 0000000000000000
0x00007feff07e89d0:   00007f0000000000 000005e800000013
0x00007feff07e89e0:   0000000000000080 00007feff07e89f0
0x00007feff07e89f0:   6e69616d04000000 0000000100003d13
0x00007feff07e8a00:   7f00001300000000 000000984a00bcef
0x00007feff07e8a10:   0000001100000000 00000101003d0000
0x00007feff07e8a20:   0000130000000000 0000f06100bcef7f
0x00007feff07e8a30:   0000050000000000 000102003d000000
0x00007feff07e8a40:   0006000000000000 00385100bcef7f00
0x00007feff07e8a50:   0004000000000000 0103003d00000000 

Instructions: (pc=0x00007feffb5d1aeb)
0x00007feffb5d1acb:   03 5d c3 66 90 55 31 c0 85 f6 48 89 e5 7e 38 31
0x00007feffb5d1adb:   d2 eb 0d 66 90 48 83 c2 01 83 c0 01 39 d6 7e 27
0x00007feffb5d1aeb:   0f b7 0c 57 44 8d 41 ff 66 41 83 f8 7e 76 e6 44
0x00007feffb5d1afb:   8d 40 02 83 c0 03 66 81 f9 ff 07 41 0f 46 c0 48 

Register to memory mapping:

RAX=0x0000000000000000 is an unknown value
RBX=0x00007fefbc005028 is a global jni handle
RCX=0x0000000000000014 is an unknown value
RDX=0x0000000000000000 is an unknown value
RSP=0x00007feff07e8860 is pointing into the stack for thread: 0x00007feff40a2000
RBP=0x00007feff07e8860 is pointing into the stack for thread: 0x00007feff40a2000
RSI=0x0000000000000004 is an unknown value
RDI=0x0000000000000010 is an unknown value
R8 =0x0000000000000000 is an unknown value
R9 =0x0101010101010101 is an unknown value
R10=0x0000000000000020 is an unknown value
R11=0x00007feffbcd1d3a: <offset 0x8bd3a> in /lib/x86_64-linux-gnu/libc.so.6 at 0x00007feffbc46000
R12=0x00000007d710c390 is an oop
java.lang.String 
 - klass: 'java/lang/String'
R13=0x00007feffa00ce80: <offset 0x23ae80> in /usr/lib/jvm/java-6-openjdk-amd64/jre/lib/amd64/libjdwp.so at 0x00007feff9dd2000
R14=0x0000000000000000 is an unknown value
R15=0x0000000000000001 is an unknown value


Stack: [0x00007feff06e9000,0x00007feff07ea000],  sp=0x00007feff07e8860,  free space=1022k
Native frames: (J=compiled Java code, j=interpreted, Vv=VM code, C=native code)
V  [libjvm.so+0x76baeb]  UNICODE::utf8_length(unsigned short*, int)+0x1b
V  [libjvm.so+0x4bed7a]  jni_GetStringUTFChars+0x8a
C  [libjdwp.so+0x8ed2]  __strcat_chk+0x8ed2
C  [libjdwp.so+0x11630]  Agent_OnLoad+0x28e0
C  [libjdwp.so+0x236fe]  Agent_OnLoad+0x149ae
V  [libjvm.so+0x5658e7]  JvmtiAgentThread::call_start_function()+0x97
V  [libjvm.so+0x74d118]  JavaThread::thread_main_inner()+0x58
V  [libjvm.so+0x64c432]  java_start(Thread*)+0x112


---------------  P R O C E S S  ---------------

Java Threads: ( => current thread )
  0x00007feff40ad000 JavaThread "Low Memory Detector" daemon [_thread_blocked, id=11925, stack(0x00007feff01e4000,0x00007feff02e5000)]
  0x00007feff40aa800 JavaThread "C2 CompilerThread1" daemon [_thread_blocked, id=11924, stack(0x00007feff02e5000,0x00007feff03e6000)]
  0x00007feff40a8000 JavaThread "C2 CompilerThread0" daemon [_thread_blocked, id=11923, stack(0x00007feff03e6000,0x00007feff04e7000)]
  0x00007fefbc001000 JavaThread "JDWP Command Reader" daemon [_thread_in_native, id=11919, stack(0x00007feff04e7000,0x00007feff05e8000)]
  0x00007feff40a5800 JavaThread "JDWP Event Helper Thread" daemon [_thread_blocked, id=11918, stack(0x00007feff05e8000,0x00007feff06e9000)]
=>0x00007feff40a2000 JavaThread "JDWP Transport Listener: dt_socket" daemon [_thread_in_vm, id=11917, stack(0x00007feff06e9000,0x00007feff07ea000)]
  0x00007feff4096000 JavaThread "Signal Dispatcher" daemon [_thread_blocked, id=11915, stack(0x00007feff0bfc000,0x00007feff0cfd000)]
  0x00007feff4078800 JavaThread "Finalizer" daemon [_thread_blocked, id=11914, stack(0x00007feff0cfd000,0x00007feff0dfe000)]
  0x00007feff4076800 JavaThread "Reference Handler" daemon [_thread_blocked, id=11913, stack(0x00007feff0dfe000,0x00007feff0eff000)]
  0x00007feff4008000 JavaThread "main" [_thread_blocked, id=11906, stack(0x00007feffc72c000,0x00007feffc82d000)]

Other Threads:
  0x00007feff4071800 VMThread [stack: 0x00007feff0eff000,0x00007feff1000000] [id=11912]
  0x00007feff40b8000 WatcherThread [stack: 0x00007feff00e3000,0x00007feff01e4000] [id=11926]

VM state:not at safepoint (normal execution)

VM Mutex/Monitor currently owned by a thread: None

Heap
 PSYoungGen      total 36736K, used 1262K [0x00000007d70b0000, 0x00000007d99a0000, 0x0000000800000000)
  eden space 31552K, 4% used [0x00000007d70b0000,0x00000007d71eb880,0x00000007d8f80000)
  from space 5184K, 0% used [0x00000007d9490000,0x00000007d9490000,0x00000007d99a0000)
  to   space 5184K, 0% used [0x00000007d8f80000,0x00000007d8f80000,0x00000007d9490000)
 PSOldGen        total 83904K, used 0K [0x0000000785200000, 0x000000078a3f0000, 0x00000007d70b0000)
  object space 83904K, 0% used [0x0000000785200000,0x0000000785200000,0x000000078a3f0000)
 PSPermGen       total 21248K, used 2820K [0x000000077ac00000, 0x000000077c0c0000, 0x0000000785200000)
  object space 21248K, 13% used [0x000000077ac00000,0x000000077aec1058,0x000000077c0c0000)

Code Cache  [0x00007feff1000000, 0x00007feff1270000, 0x00007feff4000000)
 total_blobs=143 nmethods=0 adapters=119 free_code_cache=49956160 largest_free_block=384

Dynamic libraries:
00400000-00409000 r-xp 00000000 08:02 154468                             /usr/lib/jvm/java-6-openjdk-amd64/jre/bin/java
00608000-00609000 r--p 00008000 08:02 154468                             /usr/lib/jvm/java-6-openjdk-amd64/jre/bin/java
00609000-0060a000 rw-p 00009000 08:02 154468                             /usr/lib/jvm/java-6-openjdk-amd64/jre/bin/java
022de000-022ff000 rw-p 00000000 00:00 0                                  [heap]
77ac00000-77c0c0000 rw-p 00000000 00:00 0 
77c0c0000-785200000 rw-p 00000000 00:00 0 
785200000-78a3f0000 rw-p 00000000 00:00 0 
78a3f0000-7d70b0000 rw-p 00000000 00:00 0 
7d70b0000-7d99a0000 rw-p 00000000 00:00 0 
7d99a0000-800000000 rw-p 00000000 00:00 0 
7fefa4000000-7fefa4021000 rw-p 00000000 00:00 0 
7fefa4021000-7fefa8000000 ---p 00000000 00:00 0 
7fefac000000-7fefac021000 rw-p 00000000 00:00 0 
7fefac021000-7fefb0000000 ---p 00000000 00:00 0 
7fefb0000000-7fefb0021000 rw-p 00000000 00:00 0 
7fefb0021000-7fefb4000000 ---p 00000000 00:00 0 
7fefb4000000-7fefb4021000 rw-p 00000000 00:00 0 
7fefb4021000-7fefb8000000 ---p 00000000 00:00 0 
7fefb8000000-7fefb8021000 rw-p 00000000 00:00 0 
7fefb8021000-7fefbc000000 ---p 00000000 00:00 0 
7fefbc000000-7fefbc025000 rw-p 00000000 00:00 0 
7fefbc025000-7fefc0000000 ---p 00000000 00:00 0 
7fefc0000000-7fefc0021000 rw-p 00000000 00:00 0 
7fefc0021000-7fefc4000000 ---p 00000000 00:00 0 
7fefc4000000-7fefc4021000 rw-p 00000000 00:00 0 
7fefc4021000-7fefc8000000 ---p 00000000 00:00 0 
7fefc8000000-7fefc8021000 rw-p 00000000 00:00 0 
7fefc8021000-7fefcc000000 ---p 00000000 00:00 0 
7fefcc000000-7fefcc021000 rw-p 00000000 00:00 0 
7fefcc021000-7fefd0000000 ---p 00000000 00:00 0 
7fefd0000000-7fefd0021000 rw-p 00000000 00:00 0 
7fefd0021000-7fefd4000000 ---p 00000000 00:00 0 
7fefd4000000-7fefd4021000 rw-p 00000000 00:00 0 
7fefd4021000-7fefd8000000 ---p 00000000 00:00 0 
7fefdc000000-7fefdc021000 rw-p 00000000 00:00 0 
7fefdc021000-7fefe0000000 ---p 00000000 00:00 0 
7fefe4000000-7fefe4021000 rw-p 00000000 00:00 0 
7fefe4021000-7fefe8000000 ---p 00000000 00:00 0 
7fefec000000-7fefec021000 rw-p 00000000 00:00 0 
7fefec021000-7feff0000000 ---p 00000000 00:00 0 
7feff00e3000-7feff00e4000 ---p 00000000 00:00 0 
7feff00e4000-7feff01e4000 rw-p 00000000 00:00 0 
7feff01e4000-7feff01e7000 ---p 00000000 00:00 0 
7feff01e7000-7feff02e5000 rw-p 00000000 00:00 0 
7feff02e5000-7feff02e8000 ---p 00000000 00:00 0 
7feff02e8000-7feff03e6000 rw-p 00000000 00:00 0 
7feff03e6000-7feff03e9000 ---p 00000000 00:00 0 
7feff03e9000-7feff04e7000 rw-p 00000000 00:00 0 
7feff04e7000-7feff04ea000 ---p 00000000 00:00 0 
7feff04ea000-7feff05e8000 rw-p 00000000 00:00 0 
7feff05e8000-7feff05eb000 ---p 00000000 00:00 0 
7feff05eb000-7feff06e9000 rw-p 00000000 00:00 0 
7feff06e9000-7feff06ec000 ---p 00000000 00:00 0 
7feff06ec000-7feff07ea000 rw-p 00000000 00:00 0 
7feff07ea000-7feff07f6000 r-xp 00000000 08:02 19318                      /lib/x86_64-linux-gnu/libnss_files-2.15.so
7feff07f6000-7feff09f5000 ---p 0000c000 08:02 19318                      /lib/x86_64-linux-gnu/libnss_files-2.15.so
7feff09f5000-7feff09f6000 r--p 0000b000 08:02 19318                      /lib/x86_64-linux-gnu/libnss_files-2.15.so
7feff09f6000-7feff09f7000 rw-p 0000c000 08:02 19318                      /lib/x86_64-linux-gnu/libnss_files-2.15.so
7feff09f7000-7feff09fb000 r-xp 00000000 08:02 791245                     /usr/lib/jvm/java-6-openjdk-amd64/jre/lib/amd64/libdt_socket.so
7feff09fb000-7feff0bfa000 ---p 00004000 08:02 791245                     /usr/lib/jvm/java-6-openjdk-amd64/jre/lib/amd64/libdt_socket.so
7feff0bfa000-7feff0bfb000 r--p 00003000 08:02 791245                     /usr/lib/jvm/java-6-openjdk-amd64/jre/lib/amd64/libdt_socket.so
7feff0bfb000-7feff0bfc000 rw-p 00004000 08:02 791245                     /usr/lib/jvm/java-6-openjdk-amd64/jre/lib/amd64/libdt_socket.so
7feff0bfc000-7feff0bff000 ---p 00000000 00:00 0 
7feff0bff000-7feff0cfd000 rw-p 00000000 00:00 0 
7feff0cfd000-7feff0d00000 ---p 00000000 00:00 0 
7feff0d00000-7feff0dfe000 rw-p 00000000 00:00 0 
7feff0dfe000-7feff0e01000 ---p 00000000 00:00 0 
7feff0e01000-7feff0eff000 rw-p 00000000 00:00 0 
7feff0eff000-7feff0f00000 ---p 00000000 00:00 0 
7feff0f00000-7feff1000000 rw-p 00000000 00:00 0 
7feff1000000-7feff1270000 rwxp 00000000 00:00 0 
7feff1270000-7feff40d5000 rw-p 00000000 00:00 0 
7feff40d5000-7feff8000000 ---p 00000000 00:00 0 
7feff809a000-7feff85d2000 rw-p 00000000 00:00 0 
7feff85d2000-7feff8764000 r--s 037d5000 08:02 791218                     /usr/lib/jvm/java-6-openjdk-amd64/jre/lib/rt.jar
7feff8764000-7feff8765000 ---p 00000000 00:00 0 
7feff8765000-7feff8865000 rw-p 00000000 00:00 0 
7feff8865000-7feff8866000 ---p 00000000 00:00 0 
7feff8866000-7feff8966000 rw-p 00000000 00:00 0 
7feff8966000-7feff8967000 ---p 00000000 00:00 0 
7feff8967000-7feff8a67000 rw-p 00000000 00:00 0 
7feff8a67000-7feff8a68000 ---p 00000000 00:00 0 
7feff8a68000-7feff8b91000 rw-p 00000000 00:00 0 
7feff8b91000-7feff8df8000 rw-p 00000000 00:00 0 
7feff8df8000-7feff8e03000 rw-p 00000000 00:00 0 
7feff8e03000-7feff8e4b000 rw-p 00000000 00:00 0 
7feff8e4b000-7feff8e74000 rw-p 00000000 00:00 0 
7feff8e74000-7feff90da000 rw-p 00000000 00:00 0 
7feff90da000-7feff90ef000 rw-p 00000000 00:00 0 
7feff90ef000-7feff9222000 rw-p 00000000 00:00 0 
7feff9222000-7feff922d000 rw-p 00000000 00:00 0 
7feff922d000-7feff92e3000 rw-p 00000000 00:00 0 
7feff92e3000-7feff92ea000 r-xp 00000000 08:02 791248                     /usr/lib/jvm/java-6-openjdk-amd64/jre/lib/amd64/libzip.so
7feff92ea000-7feff94e9000 ---p 00007000 08:02 791248                     /usr/lib/jvm/java-6-openjdk-amd64/jre/lib/amd64/libzip.so
7feff94e9000-7feff94ea000 r--p 00006000 08:02 791248                     /usr/lib/jvm/java-6-openjdk-amd64/jre/lib/amd64/libzip.so
7feff94ea000-7feff94eb000 rw-p 00007000 08:02 791248                     /usr/lib/jvm/java-6-openjdk-amd64/jre/lib/amd64/libzip.so
7feff94eb000-7feff9bce000 r--p 00000000 08:02 867985                     /usr/lib/locale/locale-archive
7feff9bce000-7feff9bd1000 r-xp 00000000 08:02 791222                     /usr/lib/jvm/java-6-openjdk-amd64/jre/lib/amd64/libnpt.so
7feff9bd1000-7feff9dd0000 ---p 00003000 08:02 791222                     /usr/lib/jvm/java-6-openjdk-amd64/jre/lib/amd64/libnpt.so
7feff9dd0000-7feff9dd1000 r--p 00002000 08:02 791222                     /usr/lib/jvm/java-6-openjdk-amd64/jre/lib/amd64/libnpt.so
7feff9dd1000-7feff9dd2000 rw-p 00003000 08:02 791222                     /usr/lib/jvm/java-6-openjdk-amd64/jre/lib/amd64/libnpt.so
7feff9dd2000-7feff9e0c000 r-xp 00000000 08:02 791226                     /usr/lib/jvm/java-6-openjdk-amd64/jre/lib/amd64/libjdwp.so
7feff9e0c000-7feffa00b000 ---p 0003a000 08:02 791226                     /usr/lib/jvm/java-6-openjdk-amd64/jre/lib/amd64/libjdwp.so
7feffa00b000-7feffa00c000 r--p 00039000 08:02 791226                     /usr/lib/jvm/java-6-openjdk-amd64/jre/lib/amd64/libjdwp.so
7feffa00c000-7feffa00d000 rw-p 0003a000 08:02 791226                     /usr/lib/jvm/java-6-openjdk-amd64/jre/lib/amd64/libjdwp.so
7feffa00d000-7feffa039000 r-xp 00000000 08:02 791236                     /usr/lib/jvm/java-6-openjdk-amd64/jre/lib/amd64/libjava.so
7feffa039000-7feffa238000 ---p 0002c000 08:02 791236                     /usr/lib/jvm/java-6-openjdk-amd64/jre/lib/amd64/libjava.so
7feffa238000-7feffa239000 r--p 0002b000 08:02 791236                     /usr/lib/jvm/java-6-openjdk-amd64/jre/lib/amd64/libjava.so
7feffa239000-7feffa23c000 rw-p 0002c000 08:02 791236                     /usr/lib/jvm/java-6-openjdk-amd64/jre/lib/amd64/libjava.so
7feffa23c000-7feffa24a000 r-xp 00000000 08:02 791235                     /usr/lib/jvm/java-6-openjdk-amd64/jre/lib/amd64/libverify.so
7feffa24a000-7feffa449000 ---p 0000e000 08:02 791235                     /usr/lib/jvm/java-6-openjdk-amd64/jre/lib/amd64/libverify.so
7feffa449000-7feffa44b000 r--p 0000d000 08:02 791235                     /usr/lib/jvm/java-6-openjdk-amd64/jre/lib/amd64/libverify.so
7feffa44b000-7feffa44c000 rw-p 0000f000 08:02 791235                     /usr/lib/jvm/java-6-openjdk-amd64/jre/lib/amd64/libverify.so
7feffa44c000-7feffa453000 r-xp 00000000 08:02 19312                      /lib/x86_64-linux-gnu/librt-2.15.so
7feffa453000-7feffa652000 ---p 00007000 08:02 19312                      /lib/x86_64-linux-gnu/librt-2.15.so
7feffa652000-7feffa653000 r--p 00006000 08:02 19312                      /lib/x86_64-linux-gnu/librt-2.15.so
7feffa653000-7feffa654000 rw-p 00007000 08:02 19312                      /lib/x86_64-linux-gnu/librt-2.15.so
7feffa654000-7feffa669000 r-xp 00000000 08:02 20077                      /lib/x86_64-linux-gnu/libgcc_s.so.1
7feffa669000-7feffa868000 ---p 00015000 08:02 20077                      /lib/x86_64-linux-gnu/libgcc_s.so.1
7feffa868000-7feffa869000 r--p 00014000 08:02 20077                      /lib/x86_64-linux-gnu/libgcc_s.so.1
7feffa869000-7feffa86a000 rw-p 00015000 08:02 20077                      /lib/x86_64-linux-gnu/libgcc_s.so.1
7feffa86a000-7feffa965000 r-xp 00000000 08:02 19316                      /lib/x86_64-linux-gnu/libm-2.15.so
7feffa965000-7feffab64000 ---p 000fb000 08:02 19316                      /lib/x86_64-linux-gnu/libm-2.15.so
7feffab64000-7feffab65000 r--p 000fa000 08:02 19316                      /lib/x86_64-linux-gnu/libm-2.15.so
7feffab65000-7feffab66000 rw-p 000fb000 08:02 19316                      /lib/x86_64-linux-gnu/libm-2.15.so
7feffab66000-7feffac48000 r-xp 00000000 08:02 12474                      /usr/lib/x86_64-linux-gnu/libstdc++.so.6.0.16
7feffac48000-7feffae47000 ---p 000e2000 08:02 12474                      /usr/lib/x86_64-linux-gnu/libstdc++.so.6.0.16
7feffae47000-7feffae4f000 r--p 000e1000 08:02 12474                      /usr/lib/x86_64-linux-gnu/libstdc++.so.6.0.16
7feffae4f000-7feffae51000 rw-p 000e9000 08:02 12474                      /usr/lib/x86_64-linux-gnu/libstdc++.so.6.0.16
7feffae51000-7feffae66000 rw-p 00000000 00:00 0 
7feffae66000-7feffb76b000 r-xp 00000000 08:02 567946                     /usr/lib/jvm/java-6-openjdk-amd64/jre/lib/amd64/server/libjvm.so
7feffb76b000-7feffb96b000 ---p 00905000 08:02 567946                     /usr/lib/jvm/java-6-openjdk-amd64/jre/lib/amd64/server/libjvm.so
7feffb96b000-7feffb9eb000 r--p 00905000 08:02 567946                     /usr/lib/jvm/java-6-openjdk-amd64/jre/lib/amd64/server/libjvm.so
7feffb9eb000-7feffba06000 rw-p 00985000 08:02 567946                     /usr/lib/jvm/java-6-openjdk-amd64/jre/lib/amd64/server/libjvm.so
7feffba06000-7feffba2f000 rw-p 00000000 00:00 0 
7feffba2f000-7feffba45000 r-xp 00000000 08:02 20155                      /lib/x86_64-linux-gnu/libz.so.1.2.3.4
7feffba45000-7feffbc44000 ---p 00016000 08:02 20155                      /lib/x86_64-linux-gnu/libz.so.1.2.3.4
7feffbc44000-7feffbc45000 r--p 00015000 08:02 20155                      /lib/x86_64-linux-gnu/libz.so.1.2.3.4
7feffbc45000-7feffbc46000 rw-p 00016000 08:02 20155                      /lib/x86_64-linux-gnu/libz.so.1.2.3.4
7feffbc46000-7feffbdfb000 r-xp 00000000 08:02 17867                      /lib/x86_64-linux-gnu/libc-2.15.so
7feffbdfb000-7feffbffa000 ---p 001b5000 08:02 17867                      /lib/x86_64-linux-gnu/libc-2.15.so
7feffbffa000-7feffbffe000 r--p 001b4000 08:02 17867                      /lib/x86_64-linux-gnu/libc-2.15.so
7feffbffe000-7feffc000000 rw-p 001b8000 08:02 17867                      /lib/x86_64-linux-gnu/libc-2.15.so
7feffc000000-7feffc005000 rw-p 00000000 00:00 0 
7feffc005000-7feffc007000 r-xp 00000000 08:02 17714                      /lib/x86_64-linux-gnu/libdl-2.15.so
7feffc007000-7feffc207000 ---p 00002000 08:02 17714                      /lib/x86_64-linux-gnu/libdl-2.15.so
7feffc207000-7feffc208000 r--p 00002000 08:02 17714                      /lib/x86_64-linux-gnu/libdl-2.15.so
7feffc208000-7feffc209000 rw-p 00003000 08:02 17714                      /lib/x86_64-linux-gnu/libdl-2.15.so
7feffc209000-7feffc20d000 r-xp 00000000 08:02 617837                     /usr/lib/jvm/java-6-openjdk-amd64/jre/lib/amd64/jli/libjli.so
7feffc20d000-7feffc40c000 ---p 00004000 08:02 617837                     /usr/lib/jvm/java-6-openjdk-amd64/jre/lib/amd64/jli/libjli.so
7feffc40c000-7feffc40d000 r--p 00003000 08:02 617837                     /usr/lib/jvm/java-6-openjdk-amd64/jre/lib/amd64/jli/libjli.so
7feffc40d000-7feffc40e000 rw-p 00004000 08:02 617837                     /usr/lib/jvm/java-6-openjdk-amd64/jre/lib/amd64/jli/libjli.so
7feffc40e000-7feffc426000 r-xp 00000000 08:02 19310                      /lib/x86_64-linux-gnu/libpthread-2.15.so
7feffc426000-7feffc625000 ---p 00018000 08:02 19310                      /lib/x86_64-linux-gnu/libpthread-2.15.so
7feffc625000-7feffc626000 r--p 00017000 08:02 19310                      /lib/x86_64-linux-gnu/libpthread-2.15.so
7feffc626000-7feffc627000 rw-p 00018000 08:02 19310                      /lib/x86_64-linux-gnu/libpthread-2.15.so
7feffc627000-7feffc62b000 rw-p 00000000 00:00 0 
7feffc62b000-7feffc64d000 r-xp 00000000 08:02 19322                      /lib/x86_64-linux-gnu/ld-2.15.so
7feffc67c000-7feffc6af000 rw-p 00000000 00:00 0 
7feffc6af000-7feffc6f7000 rw-p 00000000 00:00 0 
7feffc6f7000-7feffc72c000 r--s 00000000 08:02 894287                     /var/cache/nscd/passwd
7feffc72c000-7feffc72f000 ---p 00000000 00:00 0 
7feffc72f000-7feffc832000 rw-p 00000000 00:00 0 
7feffc832000-7feffc836000 r--s 00039000 08:02 162497                     /usr/lib/jvm/java-6-openjdk-common/jre/lib/ext/sunpkcs11.jar
7feffc836000-7feffc838000 r--s 00001000 08:02 162498                     /usr/lib/jvm/java-6-openjdk-common/jre/lib/ext/dnsns.jar
7feffc838000-7feffc839000 r--s 00007000 08:02 14561                      /usr/share/java/java-atk-wrapper.jar
7feffc839000-7feffc83c000 r--s 00031000 08:02 162495                     /usr/lib/jvm/java-6-openjdk-common/jre/lib/ext/sunjce_provider.jar
7feffc83c000-7feffc83e000 r--s 0000f000 08:02 162496                     /usr/lib/jvm/java-6-openjdk-common/jre/lib/ext/pulse-java.jar
7feffc83e000-7feffc841000 r--s 00077000 08:02 162499                     /usr/lib/jvm/java-6-openjdk-common/jre/lib/ext/localedata.jar
7feffc841000-7feffc849000 rw-s 00000000 08:02 365735                     /tmp/hsperfdata_18151450/11901
7feffc849000-7feffc84a000 rw-p 00000000 00:00 0 
7feffc84a000-7feffc84b000 r--p 00000000 00:00 0 
7feffc84b000-7feffc84d000 rw-p 00000000 00:00 0 
7feffc84d000-7feffc84e000 r--p 00022000 08:02 19322                      /lib/x86_64-linux-gnu/ld-2.15.so
7feffc84e000-7feffc850000 rw-p 00023000 08:02 19322                      /lib/x86_64-linux-gnu/ld-2.15.so
7fff4394d000-7fff4396e000 rw-p 00000000 00:00 0                          [stack]
7fff439f5000-7fff439f6000 r-xp 00000000 00:00 0                          [vdso]
ffffffffff600000-ffffffffff601000 r-xp 00000000 00:00 0                  [vsyscall]

VM Arguments:
jvm_args: -agentlib:jdwp=transport=dt_socket,suspend=y,address=localhost:45930 -Dfile.encoding=UTF-8 
java_command: FlapJack
Launcher Type: SUN_STANDARD

Environment Variables:
PATH=/usr/lib/lightdm/lightdm:/usr/local/bin:/usr/bin:/bin
LD_LIBRARY_PATH=/usr/lib/jvm/java-6-openjdk-amd64/jre/lib/amd64/server:/usr/lib/jvm/java-6-openjdk-amd64/jre/lib/amd64:/usr/lib/jvm/java-6-openjdk-amd64/jre/../lib/amd64
SHELL=/bin/bash
DISPLAY=:0.0

Signal Handlers:
SIGSEGV: [libjvm.so+0x785360], sa_mask[0]=0x7ffbfeff, sa_flags=0x10000004
SIGBUS: [libjvm.so+0x785360], sa_mask[0]=0x7ffbfeff, sa_flags=0x10000004
SIGFPE: [libjvm.so+0x648dc0], sa_mask[0]=0x7ffbfeff, sa_flags=0x10000004
SIGPIPE: [libjvm.so+0x648dc0], sa_mask[0]=0x7ffbfeff, sa_flags=0x10000004
SIGXFSZ: [libjvm.so+0x648dc0], sa_mask[0]=0x7ffbfeff, sa_flags=0x10000004
SIGILL: [libjvm.so+0x648dc0], sa_mask[0]=0x7ffbfeff, sa_flags=0x10000004
SIGUSR1: SIG_DFL, sa_mask[0]=0x00000000, sa_flags=0x00000000
SIGUSR2: [libjvm.so+0x648f70], sa_mask[0]=0x00000004, sa_flags=0x10000004
SIGHUP: [libjvm.so+0x64ba90], sa_mask[0]=0x7ffbfeff, sa_flags=0x10000004
SIGINT: [libjvm.so+0x64ba90], sa_mask[0]=0x7ffbfeff, sa_flags=0x10000004
SIGTERM: [libjvm.so+0x64ba90], sa_mask[0]=0x7ffbfeff, sa_flags=0x10000004
SIGQUIT: [libjvm.so+0x64ba90], sa_mask[0]=0x7ffbfeff, sa_flags=0x10000004


---------------  S Y S T E M  ---------------

OS:Ubuntu 12.04 (precise)
uname:Linux 3.2.0-36-generic #57-Ubuntu SMP Tue Jan 8 21:44:52 UTC 2013 x86_64
libc:glibc 2.15 NPTL 2.15 
rlimit: STACK 8192k, CORE 0k, NPROC 62761, NOFILE 4096, AS infinity
load average:0,94 0,79 0,78

/proc/meminfo:
MemTotal:        8051036 kB
MemFree:         4835404 kB
Buffers:          192420 kB
Cached:          1415156 kB
SwapCached:            0 kB
Active:          1979084 kB
Inactive:         953584 kB
Active(anon):    1373708 kB
Inactive(anon):   157492 kB
Active(file):     605376 kB
Inactive(file):   796092 kB
Unevictable:           0 kB
Mlocked:               0 kB
SwapTotal:             0 kB
SwapFree:              0 kB
Dirty:                36 kB
Writeback:             0 kB
AnonPages:       1325288 kB
Mapped:           148564 kB
Shmem:            205880 kB
Slab:             141840 kB
SReclaimable:     108816 kB
SUnreclaim:        33024 kB
KernelStack:        3784 kB
PageTables:        26716 kB
NFS_Unstable:         68 kB
Bounce:                0 kB
WritebackTmp:          0 kB
CommitLimit:     4025516 kB
Committed_AS:    3800592 kB
VmallocTotal:   34359738367 kB
VmallocUsed:      370384 kB
VmallocChunk:   34359314072 kB
HardwareCorrupted:     0 kB
AnonHugePages:         0 kB
HugePages_Total:       0
HugePages_Free:        0
HugePages_Rsvd:        0
HugePages_Surp:        0
Hugepagesize:       2048 kB
DirectMap4k:       88064 kB
DirectMap2M:     8192000 kB


CPU:total 4 (4 cores per cpu, 1 threads per core) family 6 model 58 stepping 9, cmov, cx8, fxsr, mmx, sse, sse2, sse3, ssse3, sse4.1, sse4.2, popcnt

Memory: 4k page, physical 8051036k(4835404k free), swap 0k(0k free)

vm_info: OpenJDK 64-Bit Server VM (20.0-b12) for linux-amd64 JRE (1.6.0_27-b27), built on Mar  5 2013 00:27:30 by "buildd" with gcc 4.6.3

time: Thu Sep 26 18:10:52 2013
elapsed time: 38 seconds

